<?xml version="1.0" encoding="UTF-8"?>
<testsuite xmlns:xsi="http://www.w3.org/2001/XMLSchema-instance" xsi:noNamespaceSchemaLocation="https://maven.apache.org/surefire/maven-surefire-plugin/xsd/surefire-test-report.xsd" version="3.0.2" name="com.aiorchestration.gateway.planner.ExecutionPlanValidatorTest" time="0.088" tests="26" errors="0" skipped="0" failures="0" flakes="0">
  <properties>
[...]
</properties>
  <testcase name="shouldAcceptNullDependsOn" classname="com.aiorchestration.gateway.planner.ExecutionPlanValidatorTest" time="0.039"/>
  <testcase name="shouldRejectNullSteps" classname="com.aiorchestration.gateway.planner.ExecutionPlanValidatorTest" time="0.002">
    <system-out><![CDATA[12:18:10.837 [main] WARN com.aiorchestration.gateway.planner.ExecutionPlanValidator -- Validation failed: step list is empty
]]></system-out>
  </testcase>
  <testcase name="shouldRejectNullExecutionPlan" classname="com.aiorchestration.gateway.planner.ExecutionPlanValidatorTest" time="0.001">
    <system-out><![CDATA[12:18:10.839 [main] WARN com.aiorchestration.gateway.planner.ExecutionPlanValidator -- Validation failed: executionPlan is null
]]></system-out>
  </testcase>
  <testcase name="shouldWorkWithCustomToolRegistry" classname="com.aiorchestration.gateway.planner.ExecutionPlanValidatorTest" time="0.0"/>
  <testcase name="shouldRejectSimpleCycle" classname="com.aiorchestration.gateway.planner.ExecutionPlanValidatorTest" time="0.001">
    <system-out><![CDATA[12:18:10.841 [main] WARN com.aiorchestration.gateway.planner.ExecutionPlanValidator -- Validation failed: cycle detected in execution plan
]]></system-out>
  </testcase>
  <testcase name="shouldRejectInvalidDependsOnReference" classname="com.aiorchestration.gateway.planner.ExecutionPlanValidatorTest" time="0.002">
    <system-out><![CDATA[12:18:10.842 [main] WARN com.aiorchestration.gateway.planner.ExecutionPlanValidator -- Validation failed: step '1' depends on unknown step 'nonexistent'
]]></system-out>
  </testcase>
  <testcase name="shouldRejectMissingArgInCustomRegistry" classname="com.aiorchestration.gateway.planner.ExecutionPlanValidatorTest" time="0.001">
    <system-out><![CDATA[12:18:10.844 [main] WARN com.aiorchestration.gateway.planner.ExecutionPlanValidator -- Validation failed: missing required argument 'requiredArg' for tool 'custom.tool'
]]></system-out>
  </testcase>
  <testcase name="shouldRejectDiamondCycle" classname="com.aiorchestration.gateway.planner.ExecutionPlanValidatorTest" time="0.0">
    <system-out><![CDATA[12:18:10.845 [main] WARN com.aiorchestration.gateway.planner.ExecutionPlanValidator -- Validation failed: cycle detected in execution plan
]]></system-out>
  </testcase>
  <testcase name="shouldAcceptValidDagWithParallelRoots" classname="com.aiorchestration.gateway.planner.ExecutionPlanValidatorTest" time="0.0"/>
  <testcase name="shouldAcceptValidDagWithBranching" classname="com.aiorchestration.gateway.planner.ExecutionPlanValidatorTest" time="0.0"/>
  <testcase name="shouldReportUnknownToolBeforeMissingArgs" classname="com.aiorchestration.gateway.planner.ExecutionPlanValidatorTest" time="0.001">
    <system-out><![CDATA[12:18:10.848 [main] WARN com.aiorchestration.gateway.planner.ExecutionPlanValidator -- Validation failed: unknown tool 'unknown.tool'
]]></system-out>
  </testcase>
  <testcase name="shouldAcceptConfidenceAtThreshold" classname="com.aiorchestration.gateway.planner.ExecutionPlanValidatorTest" time="0.0"/>
  <testcase name="shouldAcceptExtraArguments" classname="com.aiorchestration.gateway.planner.ExecutionPlanValidatorTest" time="0.0"/>
  <testcase name="shouldRejectNullResult" classname="com.aiorchestration.gateway.planner.ExecutionPlanValidatorTest" time="0.002">
    <system-out><![CDATA[12:18:10.853 [main] WARN com.aiorchestration.gateway.planner.ExecutionPlanValidator -- Validation failed: PlanGenerationResult is null
]]></system-out>
  </testcase>
  <testcase name="shouldRejectLowConfidence" classname="com.aiorchestration.gateway.planner.ExecutionPlanValidatorTest" time="0.004">
    <system-out><![CDATA[12:18:10.856 [main] WARN com.aiorchestration.gateway.planner.ExecutionPlanValidator -- Validation failed: planner confidence 0.34 is below minimum threshold 0.5
]]></system-out>
  </testcase>
  <testcase name="shouldAcceptSingleStepPlan" classname="com.aiorchestration.gateway.planner.ExecutionPlanValidatorTest" time="0.002"/>
  <testcase name="shouldAcceptLinearChain" classname="com.aiorchestration.gateway.planner.ExecutionPlanValidatorTest" time="0.002"/>
  <testcase name="shouldRejectNullArguments" classname="com.aiorchestration.gateway.planner.ExecutionPlanValidatorTest" time="0.001">
    <system-out><![CDATA[12:18:10.865 [main] WARN com.aiorchestration.gateway.planner.ExecutionPlanValidator -- Validation failed: missing required argument 'origin' for tool 'flight.search'
]]></system-out>
  </testcase>
  <testcase name="shouldRejectMissingRequiredArgument" classname="com.aiorchestration.gateway.planner.ExecutionPlanValidatorTest" time="0.001">
    <system-out><![CDATA[12:18:10.866 [main] WARN com.aiorchestration.gateway.planner.ExecutionPlanValidator -- Validation failed: missing required argument 'destination' for tool 'flight.search'
]]></system-out>
  </testcase>
  <testcase name="shouldRejectSelfLoop" classname="com.aiorchestration.gateway.planner.ExecutionPlanValidatorTest" time="0.001">
    <system-out><![CDATA[12:18:10.867 [main] WARN com.aiorchestration.gateway.planner.ExecutionPlanValidator -- Validation failed: cycle detected in execution plan
]]></system-out>
  </testcase>
  <testcase name="shouldRejectMultiNodeCycle" classname="com.aiorchestration.gateway.planner.ExecutionPlanValidatorTest" time="0.0">
    <system-out><![CDATA[12:18:10.867 [main] WARN com.aiorchestration.gateway.planner.ExecutionPlanValidator -- Validation failed: cycle detected in execution plan
]]></system-out>
  </testcase>
  <testcase name="shouldRejectMissingAllRequiredArguments" classname="com.aiorchestration.gateway.planner.ExecutionPlanValidatorTest" time="0.0">
    <system-out><![CDATA[12:18:10.868 [main] WARN com.aiorchestration.gateway.planner.ExecutionPlanValidator -- Validation failed: missing required argument 'origin' for tool 'flight.search'
]]></system-out>
  </testcase>
  <testcase name="shouldAcceptValidPlan" classname="com.aiorchestration.gateway.planner.ExecutionPlanValidatorTest" time="0.001"/>
  <testcase name="shouldRejectEmptySteps" classname="com.aiorchestration.gateway.planner.ExecutionPlanValidatorTest" time="0.0">
    <system-out><![CDATA[12:18:10.869 [main] WARN com.aiorchestration.gateway.planner.ExecutionPlanValidator -- Validation failed: step list is empty
]]></system-out>
  </testcase>
  <testcase name="shouldRejectDuplicateStepIds" classname="com.aiorchestration.gateway.planner.ExecutionPlanValidatorTest" time="0.0">
    <system-out><![CDATA[12:18:10.870 [main] WARN com.aiorchestration.gateway.planner.ExecutionPlanValidator -- Validation failed: duplicate stepId '1'
]]></system-out>
  </testcase>
  <testcase name="shouldRejectUnknownTool" classname="com.aiorchestration.gateway.planner.ExecutionPlanValidatorTest" time="0.003">
    <system-out><![CDATA[12:18:10.874 [main] WARN com.aiorchestration.gateway.planner.ExecutionPlanValidator -- Validation failed: unknown tool 'hotel.search'
]]></system-out>
  </testcase>
</testsuite>